<?xml version="1.0" encoding="UTF-8"?>
<!-- Generated by org.testng.reporters.JUnitReportReporter -->
<testsuite hostname="DESKTOP-3ERAJ4S" failures="0" tests="1" name="testclass.TC002homepagefunctionality" time="5.745" errors="0" timestamp="2023-02-10T18:02:18 IST" skipped="0">
  <testcase classname="testclass.TC002homepagefunctionality" name="homepagefunctionality" time="5.745"/>
  <system-out/>
</testsuite> <!-- testclass.TC002homepagefunctionality -->
