<?xml version="1.0" encoding="UTF-8"?>
<!-- Generated by org.testng.reporters.JUnitReportReporter -->
<testsuite hostname="DESKTOP-3ERAJ4S" failures="0" tests="1" name="testclass.TC004logoutfunctionality" time="8.609" errors="0" timestamp="2023-02-10T18:02:18 IST" skipped="0">
  <testcase classname="testclass.TC004logoutfunctionality" name="logout" time="8.609"/>
  <system-out/>
</testsuite> <!-- testclass.TC004logoutfunctionality -->
