<?xml version="1.0" encoding="UTF-8"?>
<!-- Generated by org.testng.reporters.JUnitReportReporter -->
<testsuite hostname="DESKTOP-3ERAJ4S" failures="0" tests="1" name="package7.Seleniumpractice" time="0.011" errors="0" timestamp="2023-01-28T18:32:08 IST" skipped="0">
  <testcase classname="package7.Seleniumpractice" name="method" time="0.011"/>
  <system-out/>
</testsuite> <!-- package7.Seleniumpractice -->
