<?xml version="1.0" encoding="UTF-8"?>
<!-- Generated by org.testng.reporters.JUnitReportReporter -->
<testsuite hostname="DESKTOP-3ERAJ4S" failures="0" tests="1" name="testclass.TC01LoginFunctionality" time="4.325" errors="0" timestamp="2023-02-11T09:38:04 IST" skipped="0">
  <testcase classname="testclass.TC01LoginFunctionality" name="loginfunctionality" time="4.325"/>
  <system-out/>
</testsuite> <!-- testclass.TC01LoginFunctionality -->
