<?xml version="1.0" encoding="UTF-8"?>
<!-- Generated by org.testng.reporters.JUnitReportReporter -->
<testsuite hostname="DESKTOP-3ERAJ4S" failures="0" tests="1" name="testclass.TC02LogOutFunctionality" time="4.331" errors="0" timestamp="2023-02-11T09:38:04 IST" skipped="0">
  <testcase classname="testclass.TC02LogOutFunctionality" name="logoutfunctionality" time="4.331"/>
  <system-out/>
</testsuite> <!-- testclass.TC02LogOutFunctionality -->
